<?xml version="1.0" encoding="UTF-8"?>
<!-- Generated by org.testng.reporters.JUnitReportReporter -->
<testsuite hostname="DESKTOP-0TKTKJR" name="driverFactory.DataDrivenPOM2" tests="1" failures="0" timestamp="18 May 2021 15:13:10 GMT" time="44.042" errors="0">
  <testcase name="addemp" time="44.042" classname="driverFactory.DataDrivenPOM2"/>
</testsuite> <!-- driverFactory.DataDrivenPOM2 -->
