<?xml version="1.0" encoding="UTF-8"?>
<!-- Generated by org.testng.reporters.JUnitReportReporter -->
<testsuite hostname="DESKTOP-0TKTKJR" name="DataProvider.ExplicitCRM" tests="1" failures="0" timestamp="22 May 2021 14:34:34 GMT" time="11.312" errors="0">
  <testcase name="VerifyTest" time="11.312" classname="DataProvider.ExplicitCRM"/>
</testsuite> <!-- DataProvider.ExplicitCRM -->
