<?xml version="1.0" encoding="UTF-8"?>
<!-- Generated by org.testng.reporters.JUnitReportReporter -->
<testsuite hostname="DESKTOP-0TKTKJR" name="driverFactory.TestScript" tests="2" failures="0" timestamp="17 May 2021 13:59:17 GMT" time="88.663" errors="0">
  <testcase name="userAdd" time="51.246" classname="driverFactory.TestScript"/>
  <testcase name="empadd" time="37.417" classname="driverFactory.TestScript"/>
</testsuite> <!-- driverFactory.TestScript -->
