<?xml version="1.0" encoding="UTF-8"?>
<!-- Generated by org.testng.reporters.JUnitReportReporter -->
<testsuite hostname="DESKTOP-0TKTKJR" name="driverFactory.DataDrivenPOM" tests="1" failures="0" timestamp="18 May 2021 13:26:11 GMT" time="206.417" errors="0">
  <testcase name="adduser" time="206.417" classname="driverFactory.DataDrivenPOM"/>
</testsuite> <!-- driverFactory.DataDrivenPOM -->
