<?xml version="1.0" encoding="UTF-8"?>
<!-- Generated by org.testng.reporters.JUnitReportReporter -->
<testsuite skipped="0" hostname="DESKTOP-0TKTKJR" name="driverFactory.DataDrivenDriverScript" tests="1" failures="0" timestamp="25 May 2021 14:45:53 GMT" time="66.407" errors="0">
  <testcase name="verifyLogin" time="66.407" classname="driverFactory.DataDrivenDriverScript"/>
</testsuite> <!-- driverFactory.DataDrivenDriverScript -->
