<?xml version="1.0" encoding="UTF-8"?>
<!-- Generated by org.testng.reporters.JUnitReportReporter -->
<testsuite hostname="DESKTOP-0TKTKJR" name="DataProvider.UsingDataProvider" tests="5" failures="0" timestamp="22 May 2021 14:26:25 GMT" time="73.267" errors="0">
  <testcase name="verifyLogin" time="13.346" classname="DataProvider.UsingDataProvider"/>
  <testcase name="verifyLogin" time="13.535" classname="DataProvider.UsingDataProvider"/>
  <testcase name="verifyLogin" time="21.143" classname="DataProvider.UsingDataProvider"/>
  <testcase name="verifyLogin" time="11.860" classname="DataProvider.UsingDataProvider"/>
  <testcase name="verifyLogin" time="13.383" classname="DataProvider.UsingDataProvider"/>
</testsuite> <!-- DataProvider.UsingDataProvider -->
