<?xml version="1.0" encoding="UTF-8"?>
<!-- Generated by org.testng.reporters.JUnitReportReporter -->
<testsuite hostname="DESKTOP-0TKTKJR" name="DataProvider.ImplicitLogin" tests="1" failures="0" timestamp="22 May 2021 14:33:16 GMT" time="9.067" errors="0">
  <testcase name="VerifyTest" time="9.067" classname="DataProvider.ImplicitLogin"/>
</testsuite> <!-- DataProvider.ImplicitLogin -->
